[2021-01-19 04:48:05] local.ERROR: SQLSTATE[42S22]: Column not found: 1054 Unknown column 'role_id' in 'field list' (SQL: insert into `users` (`name`, `email`, `password`, `role_id`, `updated_at`, `created_at`) values (Mr. Junk, superadmin@gmail.com, $2y$10$64H8CWdgAYza2U1XBTc3EuY9h1T6cah8QwaswNiH6AUV/.Cijzrzu, 1, 2021-01-19 04:48:04, 2021-01-19 04:48:04)) {"exception":"[object] (Illuminate\\Database\\QueryException(code: 42S22): SQLSTATE[42S22]: Column not found: 1054 Unknown column 'role_id' in 'field list' (SQL: insert into `users` (`name`, `email`, `password`, `role_id`, `updated_at`, `created_at`) values (Mr. Junk, superadmin@gmail.com, $2y$10$64H8CWdgAYza2U1XBTc3EuY9h1T6cah8QwaswNiH6AUV/.Cijzrzu, 1, 2021-01-19 04:48:04, 2021-01-19 04:48:04)) at /home/Dr4g0na/Desktop/project/laravel_socialite/vendor/laravel/framework/src/Illuminate/Database/Connection.php:678)
[stacktrace]
#0 /home/Dr4g0na/Desktop/project/laravel_socialite/vendor/laravel/framework/src/Illuminate/Database/Connection.php(638): Illuminate\\Database\\Connection->runQueryCallback()
#1 /home/Dr4g0na/Desktop/project/laravel_socialite/vendor/laravel/framework/src/Illuminate/Database/Connection.php(472): Illuminate\\Database\\Connection->run()
#2 /home/Dr4g0na/Desktop/project/laravel_socialite/vendor/laravel/framework/src/Illuminate/Database/Connection.php(424): Illuminate\\Database\\Connection->statement()
#3 /home/Dr4g0na/Desktop/project/laravel_socialite/vendor/laravel/framework/src/Illuminate/Database/Query/Processors/Processor.php(32): Illuminate\\Database\\Connection->insert()
#4 /home/Dr4g0na/Desktop/project/laravel_socialite/vendor/laravel/framework/src/Illuminate/Database/Query/Builder.php(2882): Illuminate\\Database\\Query\\Processors\\Processor->processInsertGetId()
#5 /home/Dr4g0na/Desktop/project/laravel_socialite/vendor/laravel/framework/src/Illuminate/Database/Eloquent/Builder.php(1508): Illuminate\\Database\\Query\\Builder->insertGetId()
#6 /home/Dr4g0na/Desktop/project/laravel_socialite/vendor/laravel/framework/src/Illuminate/Database/Eloquent/Model.php(1051): Illuminate\\Database\\Eloquent\\Builder->__call()
#7 /home/Dr4g0na/Desktop/project/laravel_socialite/vendor/laravel/framework/src/Illuminate/Database/Eloquent/Model.php(1016): Illuminate\\Database\\Eloquent\\Model->insertAndSetId()
#8 /home/Dr4g0na/Desktop/project/laravel_socialite/vendor/laravel/framework/src/Illuminate/Database/Eloquent/Model.php(857): Illuminate\\Database\\Eloquent\\Model->performInsert()
#9 /home/Dr4g0na/Desktop/project/laravel_socialite/vendor/laravel/framework/src/Illuminate/Database/Eloquent/Builder.php(777): Illuminate\\Database\\Eloquent\\Model->save()
#10 /home/Dr4g0na/Desktop/project/laravel_socialite/vendor/laravel/framework/src/Illuminate/Support/helpers.php(263): Illuminate\\Database\\Eloquent\\Builder->Illuminate\\Database\\Eloquent\\{closure}()
#11 /home/Dr4g0na/Desktop/project/laravel_socialite/vendor/laravel/framework/src/Illuminate/Database/Eloquent/Builder.php(778): tap()
#12 /home/Dr4g0na/Desktop/project/laravel_socialite/vendor/laravel/framework/src/Illuminate/Support/Traits/ForwardsCalls.php(23): Illuminate\\Database\\Eloquent\\Builder->create()
#13 /home/Dr4g0na/Desktop/project/laravel_socialite/vendor/laravel/framework/src/Illuminate/Database/Eloquent/Model.php(1885): Illuminate\\Database\\Eloquent\\Model->forwardCallTo()
#14 /home/Dr4g0na/Desktop/project/laravel_socialite/vendor/laravel/framework/src/Illuminate/Database/Eloquent/Model.php(1897): Illuminate\\Database\\Eloquent\\Model->__call()
#15 /home/Dr4g0na/Desktop/project/laravel_socialite/database/seeders/UserTableSeeder.php(21): Illuminate\\Database\\Eloquent\\Model::__callStatic()
#16 /home/Dr4g0na/Desktop/project/laravel_socialite/vendor/laravel/framework/src/Illuminate/Container/BoundMethod.php(36): Database\\Seeders\\UserTableSeeder->run()
#17 /home/Dr4g0na/Desktop/project/laravel_socialite/vendor/laravel/framework/src/Illuminate/Container/Util.php(40): Illuminate\\Container\\BoundMethod::Illuminate\\Container\\{closure}()
#18 /home/Dr4g0na/Desktop/project/laravel_socialite/vendor/laravel/framework/src/Illuminate/Container/BoundMethod.php(93): Illuminate\\Container\\Util::unwrapIfClosure()
#19 /home/Dr4g0na/Desktop/project/laravel_socialite/vendor/laravel/framework/src/Illuminate/Container/BoundMethod.php(37): Illuminate\\Container\\BoundMethod::callBoundMethod()
#20 /home/Dr4g0na/Desktop/project/laravel_socialite/vendor/laravel/framework/src/Illuminate/Container/Container.php(610): Illuminate\\Container\\BoundMethod::call()
#21 /home/Dr4g0na/Desktop/project/laravel_socialite/vendor/laravel/framework/src/Illuminate/Database/Seeder.php(149): Illuminate\\Container\\Container->call()
#22 /home/Dr4g0na/Desktop/project/laravel_socialite/vendor/laravel/framework/src/Illuminate/Database/Console/Seeds/SeedCommand.php(65): Illuminate\\Database\\Seeder->__invoke()
#23 /home/Dr4g0na/Desktop/project/laravel_socialite/vendor/laravel/framework/src/Illuminate/Database/Eloquent/Concerns/GuardsAttributes.php(157): Illuminate\\Database\\Console\\Seeds\\SeedCommand->Illuminate\\Database\\Console\\Seeds\\{closure}()
#24 /home/Dr4g0na/Desktop/project/laravel_socialite/vendor/laravel/framework/src/Illuminate/Database/Console/Seeds/SeedCommand.php(66): Illuminate\\Database\\Eloquent\\Model::unguarded()
#25 /home/Dr4g0na/Desktop/project/laravel_socialite/vendor/laravel/framework/src/Illuminate/Container/BoundMethod.php(36): Illuminate\\Database\\Console\\Seeds\\SeedCommand->handle()
#26 /home/Dr4g0na/Desktop/project/laravel_socialite/vendor/laravel/framework/src/Illuminate/Container/Util.php(40): Illuminate\\Container\\BoundMethod::Illuminate\\Container\\{closure}()
#27 /home/Dr4g0na/Desktop/project/laravel_socialite/vendor/laravel/framework/src/Illuminate/Container/BoundMethod.php(93): Illuminate\\Container\\Util::unwrapIfClosure()
#28 /home/Dr4g0na/Desktop/project/laravel_socialite/vendor/laravel/framework/src/Illuminate/Container/BoundMethod.php(37): Illuminate\\Container\\BoundMethod::callBoundMethod()
#29 /home/Dr4g0na/Desktop/project/laravel_socialite/vendor/laravel/framework/src/Illuminate/Container/Container.php(610): Illuminate\\Container\\BoundMethod::call()
#30 /home/Dr4g0na/Desktop/project/laravel_socialite/vendor/laravel/framework/src/Illuminate/Console/Command.php(136): Illuminate\\Container\\Container->call()
#31 /home/Dr4g0na/Desktop/project/laravel_socialite/vendor/symfony/console/Command/Command.php(255): Illuminate\\Console\\Command->execute()
#32 /home/Dr4g0na/Desktop/project/laravel_socialite/vendor/laravel/framework/src/Illuminate/Console/Command.php(121): Symfony\\Component\\Console\\Command\\Command->run()
#33 /home/Dr4g0na/Desktop/project/laravel_socialite/vendor/symfony/console/Application.php(971): Illuminate\\Console\\Command->run()
#34 /home/Dr4g0na/Desktop/project/laravel_socialite/vendor/symfony/console/Application.php(290): Symfony\\Component\\Console\\Application->doRunCommand()
#35 /home/Dr4g0na/Desktop/project/laravel_socialite/vendor/symfony/console/Application.php(166): Symfony\\Component\\Console\\Application->doRun()
#36 /home/Dr4g0na/Desktop/project/laravel_socialite/vendor/laravel/framework/src/Illuminate/Console/Application.php(93): Symfony\\Component\\Console\\Application->run()
#37 /home/Dr4g0na/Desktop/project/laravel_socialite/vendor/laravel/framework/src/Illuminate/Foundation/Console/Kernel.php(129): Illuminate\\Console\\Application->run()
#38 /home/Dr4g0na/Desktop/project/laravel_socialite/artisan(37): Illuminate\\Foundation\\Console\\Kernel->handle()
#39 {main}

[previous exception] [object] (PDOException(code: 42S22): SQLSTATE[42S22]: Column not found: 1054 Unknown column 'role_id' in 'field list' at /home/Dr4g0na/Desktop/project/laravel_socialite/vendor/laravel/framework/src/Illuminate/Database/Connection.php:465)
[stacktrace]
#0 /home/Dr4g0na/Desktop/project/laravel_socialite/vendor/laravel/framework/src/Illuminate/Database/Connection.php(465): PDO->prepare()
#1 /home/Dr4g0na/Desktop/project/laravel_socialite/vendor/laravel/framework/src/Illuminate/Database/Connection.php(671): Illuminate\\Database\\Connection->Illuminate\\Database\\{closure}()
#2 /home/Dr4g0na/Desktop/project/laravel_socialite/vendor/laravel/framework/src/Illuminate/Database/Connection.php(638): Illuminate\\Database\\Connection->runQueryCallback()
#3 /home/Dr4g0na/Desktop/project/laravel_socialite/vendor/laravel/framework/src/Illuminate/Database/Connection.php(472): Illuminate\\Database\\Connection->run()
#4 /home/Dr4g0na/Desktop/project/laravel_socialite/vendor/laravel/framework/src/Illuminate/Database/Connection.php(424): Illuminate\\Database\\Connection->statement()
#5 /home/Dr4g0na/Desktop/project/laravel_socialite/vendor/laravel/framework/src/Illuminate/Database/Query/Processors/Processor.php(32): Illuminate\\Database\\Connection->insert()
#6 /home/Dr4g0na/Desktop/project/laravel_socialite/vendor/laravel/framework/src/Illuminate/Database/Query/Builder.php(2882): Illuminate\\Database\\Query\\Processors\\Processor->processInsertGetId()
#7 /home/Dr4g0na/Desktop/project/laravel_socialite/vendor/laravel/framework/src/Illuminate/Database/Eloquent/Builder.php(1508): Illuminate\\Database\\Query\\Builder->insertGetId()
#8 /home/Dr4g0na/Desktop/project/laravel_socialite/vendor/laravel/framework/src/Illuminate/Database/Eloquent/Model.php(1051): Illuminate\\Database\\Eloquent\\Builder->__call()
#9 /home/Dr4g0na/Desktop/project/laravel_socialite/vendor/laravel/framework/src/Illuminate/Database/Eloquent/Model.php(1016): Illuminate\\Database\\Eloquent\\Model->insertAndSetId()
#10 /home/Dr4g0na/Desktop/project/laravel_socialite/vendor/laravel/framework/src/Illuminate/Database/Eloquent/Model.php(857): Illuminate\\Database\\Eloquent\\Model->performInsert()
#11 /home/Dr4g0na/Desktop/project/laravel_socialite/vendor/laravel/framework/src/Illuminate/Database/Eloquent/Builder.php(777): Illuminate\\Database\\Eloquent\\Model->save()
#12 /home/Dr4g0na/Desktop/project/laravel_socialite/vendor/laravel/framework/src/Illuminate/Support/helpers.php(263): Illuminate\\Database\\Eloquent\\Builder->Illuminate\\Database\\Eloquent\\{closure}()
#13 /home/Dr4g0na/Desktop/project/laravel_socialite/vendor/laravel/framework/src/Illuminate/Database/Eloquent/Builder.php(778): tap()
#14 /home/Dr4g0na/Desktop/project/laravel_socialite/vendor/laravel/framework/src/Illuminate/Support/Traits/ForwardsCalls.php(23): Illuminate\\Database\\Eloquent\\Builder->create()
#15 /home/Dr4g0na/Desktop/project/laravel_socialite/vendor/laravel/framework/src/Illuminate/Database/Eloquent/Model.php(1885): Illuminate\\Database\\Eloquent\\Model->forwardCallTo()
#16 /home/Dr4g0na/Desktop/project/laravel_socialite/vendor/laravel/framework/src/Illuminate/Database/Eloquent/Model.php(1897): Illuminate\\Database\\Eloquent\\Model->__call()
#17 /home/Dr4g0na/Desktop/project/laravel_socialite/database/seeders/UserTableSeeder.php(21): Illuminate\\Database\\Eloquent\\Model::__callStatic()
#18 /home/Dr4g0na/Desktop/project/laravel_socialite/vendor/laravel/framework/src/Illuminate/Container/BoundMethod.php(36): Database\\Seeders\\UserTableSeeder->run()
#19 /home/Dr4g0na/Desktop/project/laravel_socialite/vendor/laravel/framework/src/Illuminate/Container/Util.php(40): Illuminate\\Container\\BoundMethod::Illuminate\\Container\\{closure}()
#20 /home/Dr4g0na/Desktop/project/laravel_socialite/vendor/laravel/framework/src/Illuminate/Container/BoundMethod.php(93): Illuminate\\Container\\Util::unwrapIfClosure()
#21 /home/Dr4g0na/Desktop/project/laravel_socialite/vendor/laravel/framework/src/Illuminate/Container/BoundMethod.php(37): Illuminate\\Container\\BoundMethod::callBoundMethod()
#22 /home/Dr4g0na/Desktop/project/laravel_socialite/vendor/laravel/framework/src/Illuminate/Container/Container.php(610): Illuminate\\Container\\BoundMethod::call()
#23 /home/Dr4g0na/Desktop/project/laravel_socialite/vendor/laravel/framework/src/Illuminate/Database/Seeder.php(149): Illuminate\\Container\\Container->call()
#24 /home/Dr4g0na/Desktop/project/laravel_socialite/vendor/laravel/framework/src/Illuminate/Database/Console/Seeds/SeedCommand.php(65): Illuminate\\Database\\Seeder->__invoke()
#25 /home/Dr4g0na/Desktop/project/laravel_socialite/vendor/laravel/framework/src/Illuminate/Database/Eloquent/Concerns/GuardsAttributes.php(157): Illuminate\\Database\\Console\\Seeds\\SeedCommand->Illuminate\\Database\\Console\\Seeds\\{closure}()
#26 /home/Dr4g0na/Desktop/project/laravel_socialite/vendor/laravel/framework/src/Illuminate/Database/Console/Seeds/SeedCommand.php(66): Illuminate\\Database\\Eloquent\\Model::unguarded()
#27 /home/Dr4g0na/Desktop/project/laravel_socialite/vendor/laravel/framework/src/Illuminate/Container/BoundMethod.php(36): Illuminate\\Database\\Console\\Seeds\\SeedCommand->handle()
#28 /home/Dr4g0na/Desktop/project/laravel_socialite/vendor/laravel/framework/src/Illuminate/Container/Util.php(40): Illuminate\\Container\\BoundMethod::Illuminate\\Container\\{closure}()
#29 /home/Dr4g0na/Desktop/project/laravel_socialite/vendor/laravel/framework/src/Illuminate/Container/BoundMethod.php(93): Illuminate\\Container\\Util::unwrapIfClosure()
#30 /home/Dr4g0na/Desktop/project/laravel_socialite/vendor/laravel/framework/src/Illuminate/Container/BoundMethod.php(37): Illuminate\\Container\\BoundMethod::callBoundMethod()
#31 /home/Dr4g0na/Desktop/project/laravel_socialite/vendor/laravel/framework/src/Illuminate/Container/Container.php(610): Illuminate\\Container\\BoundMethod::call()
#32 /home/Dr4g0na/Desktop/project/laravel_socialite/vendor/laravel/framework/src/Illuminate/Console/Command.php(136): Illuminate\\Container\\Container->call()
#33 /home/Dr4g0na/Desktop/project/laravel_socialite/vendor/symfony/console/Command/Command.php(255): Illuminate\\Console\\Command->execute()
#34 /home/Dr4g0na/Desktop/project/laravel_socialite/vendor/laravel/framework/src/Illuminate/Console/Command.php(121): Symfony\\Component\\Console\\Command\\Command->run()
#35 /home/Dr4g0na/Desktop/project/laravel_socialite/vendor/symfony/console/Application.php(971): Illuminate\\Console\\Command->run()
#36 /home/Dr4g0na/Desktop/project/laravel_socialite/vendor/symfony/console/Application.php(290): Symfony\\Component\\Console\\Application->doRunCommand()
#37 /home/Dr4g0na/Desktop/project/laravel_socialite/vendor/symfony/console/Application.php(166): Symfony\\Component\\Console\\Application->doRun()
#38 /home/Dr4g0na/Desktop/project/laravel_socialite/vendor/laravel/framework/src/Illuminate/Console/Application.php(93): Symfony\\Component\\Console\\Application->run()
#39 /home/Dr4g0na/Desktop/project/laravel_socialite/vendor/laravel/framework/src/Illuminate/Foundation/Console/Kernel.php(129): Illuminate\\Console\\Application->run()
#40 /home/Dr4g0na/Desktop/project/laravel_socialite/artisan(37): Illuminate\\Foundation\\Console\\Kernel->handle()
#41 {main}
"} 
